#<TCPSocket:0x007f3c4408df68>
#<TCPSocket:0x007f3c440e7680>
AF_INET
50817
127.0.0.1
127.0.0.1
AF_INET
42234
127.0.0.1
127.0.0.1
AF_INET
42244
127.0.0.1
127.0.0.1
Team: 7 sent this bot:
010000000000000001011110111111111111011011000001
110000000000000001011000000000000000000000010100
000000000000000000000000000000000000000000000000
100111111111111111111010111111111111111110000001
110111111111111111111010111111111111111010010100
Team: 7 sent this bot:
010000000000000001011110111111111111011011000001
110000000000000001011000000000000000000000010100
000000000000000000000000000000000000000000000000
100111111111111111111010111111111111111110000001
110111111111111111111010111111111111011010010100
Team: 7 sent this bot:
010000000000000001011110111111111111011011000001
110000000000000001011000000000000000000000010100
000000000000000000000000000000000000000000000000
100111111111111111111010111111111111111110000001
110111111111111111111010111111111111011010010100
At 2011-09-29 21:59:47 +0200 team: 0 sent this bot:
010000000000000001011110111111111111011011000001
110000000000000001011000000000000000000000010100
000000000000000000000000000000000000000000000000
100111111111111111111010111111111111111110000001
110111111111111111111010111111111111011010010100
At 2011-09-29 22:04:36 +0200 team: 0 sent this bot:
010000000000000001011110111111111111011011000001
110000000000000001011000000000000000000000010100
000000000000000000000000000000000000000000000000
100111111111111111111010111111111111111110000001
110111111111111111111010111111111111011010010100
At 2011-09-29 22:04:47 +0200 IP:127.0.0.1 sent this bot:
010000000000000001011110111111111111011011000001
110000000000000001011000000000000000000000010100
000000000000000000000000000000000000000000000000
100111111111111111111010111111111111111110000001
110111111111111111111010111111111111011010010100
At 2011-09-30 00:28:43 +0200 IP:127.0.0.1 sent this bot:
010000000000000001011110111111111111011011000001
110000000000000001011000000000000000000000010100
000000000000000000000000000000000000000000000000
100111111111111111111010111111111111111110000001
110111111111111111111010111111111111011010010100
At 2011-09-30 00:31:11 +0200 IP:127.0.0.1 sent this bot:
010000000000000001011110111111111111011011000001
110000000000000001011000000000000000000000010100
000000000000000000000000000000000000000000000000
100111111111111111111010111111111111111110000001
110111111111111111111010111111111111011010010100
At 2011-09-30 00:32:39 +0200 IP:127.0.0.1 sent this bot:
010000000000000001011110111111111111011011000001
110000000000000001011000000000000000000000010100
000000000000000000000000000000000000000000000000
100111111111111111111010111111111111111110000001
110111111111111111111010111111111111011010010100
At 2011-09-30 00:33:11 +0200 IP:127.0.0.1 sent this bot:
010000000000000001011110111111111111011011000001
110000000000000001011000000000000000000000010100
000000000000000000000000000000000000000000000000
100111111111111111111010111111111111111110000001
110111111111111111111010111111111111011010010100
At 2011-09-30 00:34:38 +0200 IP:127.0.0.1 sent this bot:
010000000000000001011110111111111111011011000001
110000000000000001011000000000000000000000010100
000000000000000000000000000000000000000000000000
100111111111111111111010111111111111111110000001
110111111111111111111010111111111111011010010100
At 2011-09-30 00:35:20 +0200 IP:127.0.0.1 sent this bot:
010000000000000001011110111111111111011011000001
110000000000000001011000000000000000000000010100
000000000000000000000000000000000000000000000000
100111111111111111111010111111111111111110000001
110111111111111111111010111111111111011010010100
At 2011-09-30 00:37:09 +0200 IP:127.0.0.1 sent this bot:
010000000000000001011110111111111111011011000001
110000000000000001011000000000000000000000010100
000000000000000000000000000000000000000000000000
100111111111111111111010111111111111111110000001
110111111111111111111010111111111111011010010100
At 2011-09-30 00:38:36 +0200 IP:127.0.0.1 sent this bot:
010000000000000001011110111111111111011011000001
110000000000000001011000000000000000000000010100
000000000000000000000000000000000000000000000000
100111111111111111111010111111111111111110000001
110111111111111111111010111111111111011010010100
At 2011-09-30 00:39:41 +0200 IP:127.0.0.1 sent this bot:
010000000000000001011110111111111111011011000001
110000000000000001011000000000000000000000010100
000000000000000000000000000000000000000000000000
100111111111111111111010111111111111111110000001
110111111111111111111010111111111111011010010100
At 2011-09-30 00:41:51 +0200 IP:127.0.0.1 sent this bot:
010000000000000001011110111111111111011011000001
110000000000000001011000000000000000000000010100
000000000000000000000000000000000000000000000000
100111111111111111111010111111111111111110000001
110111111111111111111010111111111111011010010100
At 2011-09-30 00:50:57 +0200 IP:127.0.0.1 sent this bot:
010000000000000001011110111111111111011011000001
110000000000000001011000000000000000000000010100
000000000000000000000000000000000000000000000000
100111111111111111111010111111111111111110000001
110111111111111111111010111111111111011010010100
At 2011-09-30 00:51:05 +0200 IP:127.0.0.1 sent this bot:
010000000000000001011110111111111111011011000001
110000000000000001011000000000000000000000010100
000000000000000000000000000000000000000000000000
100111111111111111111010111111111111111110000001
110111111111111111111010111111111111111010010100
At 2011-09-30 00:51:52 +0200 IP:127.0.0.1 sent this bot:
010000000000000001011110111111111111011011000001
110000000000000001011000000000000000000000010100
000000000000000000000000000000000000000000000000
100111111111111111111010111111111111111110000001
110111111111111111111010111111111111111010010100
At 2011-09-30 00:51:54 +0200 IP:127.0.0.1 sent this bot:
010000000000000001011110111111111111011011000001
110000000000000001011000000000000000000000010100
000000000000000000000000000000000000000000000000
100111111111111111111010111111111111111110000001
110111111111111111111010111111111111011010010100
At 2011-09-30 00:52:53 +0200 IP:127.0.0.1 sent this bot:
010000000000000001011110111111111111011011000001
110000000000000001011000000000000000000000010100
000000000000000000000000000000000000000000000000
100111111111111111111010111111111111111110000001
110111111111111111111010111111111111011010010100
At 2011-09-30 00:53:56 +0200 IP:127.0.0.1 sent this bot:
010000000000000001011110111111111111011011000001
110000000000000001011000000000000000000000010100
000000000000000000000000000000000000000000000000
100111111111111111111010111111111111111110000001
110111111111111111111010111111111111011010010100
At 2011-09-30 00:56:22 +0200 IP:127.0.0.1 sent this bot:
010000000000000001011110111111111111011011000001
110000000000000001011000000000000000000000010100
000000000000000000000000000000000000000000000000
100111111111111111111010111111111111111110000001
110111111111111111111010111111111111011010010100
At 2011-09-30 00:56:41 +0200 IP:127.0.0.1 sent this bot:
010000000000000001011110111111111111011011000001
110000000000000001011000000000000000000000010100
000000000000000000000000000000000000000000000000
100111111111111111111010111111111111111110000001
110111111111111111111010111111111111011010010100
At 2011-09-30 00:56:55 +0200 IP:127.0.0.1 sent this bot:
010000000000000001011110111111111111011011000001
110000000000000001011000000000000000000000010100
000000000000000000000000000000000000000000000000
100111111111111111111010111111111111111110000001
110111111111111111111010111111111111011010010100
At 2011-09-30 00:56:56 +0200 IP:127.0.0.1 sent this bot:
010000000000000001011110111111111111011011000001
110000000000000001011000000000000000000000010100
000000000000000000000000000000000000000000000000
100111111111111111111010111111111111111110000001
110111111111111111111010111111111111011010010100
At 2011-09-30 00:57:19 +0200 IP:127.0.0.1 sent this bot:
010000000000000001011110111111111111011011000001
110000000000000001011000000000000000000000010100
000000000000000000000000000000000000000000000000
100111111111111111111010111111111111111110000001
110111111111111111111010111111111111011010010100
At 2011-09-30 00:57:29 +0200 IP:127.0.0.1 sent this bot:
010000000000000001011110111111111111011011000001
110000000000000001011000000000000000000000010100
000000000000000000000000000000000000000000000000
100111111111111111111010111111111111111110000001
110111111111111111111010111111111111111010010100
At 2011-09-30 01:00:45 +0200 IP:127.0.0.1 sent this bot:
010000000000000001011110111111111111011011000001
110000000000000001011000000000000000000000010100
000000000000000000000000000000000000000000000000
100111111111111111111010111111111111111110000001
110111111111111111111010111111111111111010010100
At 2011-09-30 01:02:03 +0200 IP:127.0.0.1 sent this bot:
010000000000000001011110111111111111011011000001
110000000000000001011000000000000000000000010100
000000000000000000000000000000000000000000000000
100111111111111111111010111111111111111110000001
110111111111111111111010111111111111011010010100
At 2011-09-30 01:02:21 +0200 IP:127.0.0.1 sent this bot:
010000000000000001011110111111111111011011000001
110000000000000001011000000000000000000000010100
000000000000000000000000000000000000000000000000
100111111111111111111010111111111111111110000001
110111111111111111111010111111111111011010010100
At 2011-09-30 01:03:16 +0200 IP:127.0.0.1 sent this bot:
010000000000000001011110111111111111011011000001
110000000000000001011000000000000000000000010100
000000000000000000000000000000000000000000000000
100111111111111111111010111111111111111110000001
110111111111111111111010111111111111111010010100
At 2011-09-30 01:03:20 +0200 IP:127.0.0.1 sent this bot:
010000000000000001011110111111111111011011000001
110000000000000001011000000000000000000000010100
000000000000000000000000000000000000000000000000
100111111111111111111010111111111111111110000001
110111111111111111111010111111111111111010010100
At 2011-09-30 16:32:13 +0200 IP:127.0.0.1 sent this bot:
110000000000000000011000000000000000000000011100
110111111111111111111000000000000000000000010100
At 2011-09-30 16:32:14 +0200 IP:127.0.0.1 sent this bot:
000000000000000000000000000000000000000000000000
000000000000000000000000000000000000000000000000
000000000000000000000000000000000000000000000000
000000000000000000000000000000000000000000000000
000000000000000000000000000000000000000000000000
000000000000000000000000000000000000000000000000
000000000000000000000000000000000000000000000000
000000000000000000000000000000000000000000000000
000000000000000000000000000000000000000000000000
000000000000000000000000000000000000000000000000
000000000000000000000000000000000000000000000000
000000000000000000000000000000000000000000000000
000000000000000000000000000000000000000000000000
000000000000000000000000000000000000000000000000
000000000000000000000000000000000000000000000000
000000000000000000000000000000000000000000000000
000000000000000000000000000000000000000000000000
000000000000000000000000000000000000000000000000
000000000000000000000000000000000000000000000000
000000000000000000000000000000000000000000000000
000000000000000000000000000000000000000000000000
000000000000000000000000000000000000000000000000
000000000000000000000000000000000000000000000000
000000000000000000000000000000000000000000000000
000000000000000000000000000000000000000000000000
000000000000000000000000000000000000000000000000
000000000000000000000000000000000000000000000000
000000000000000000000000000000000000000000000000
000000000000000000000000000000000000000000000000
000000000000000000000000000000000000000000000000
000000000000000000000000000000000000000000000000
000000000000000000000000000000000000000000000000
000000000000000000000000000000000000000000000000
000000000000000000000000000000000000000000000000
000000000000000000000000000000000000000000000000
000000000000000000000000000000000000000000000000
000000000000000000000000000000000000000000000000
000000000000000000000000000000000000000000000000
000000000000000000000000000000000000000000000000
000000000000000000000000000000000000000000000000
000000000000000000000000000000000000000000000000
000000000000000000000000000000000000000000000000
000000000000000000000000000000000000000000000000
000000000000000000000000000000000000000000000000
000000000000000000000000000000000000000000000000
000000000000000000000000000000000000000000000000
000000000000000000000000000000000000000000000000
000000000000000000000000000000000000000000000000
000000000000000000000000000000000000000000000000
000000000000000000000000000000000000000000000000
000000000000000000000000000000000000000000000000
000000000000000000000000000000000000000000000000
000000000000000000000000000000000000000000000000
000000000000000000000000000000000000000000000000
000000000000000000000000000000000000000000000000
000000000000000000000000000000000000000000000000
000000000000000000000000000000000000000000000000
000000000000000000000000000000000000000000000000
000000000000000000000000000000000000000000000000
000000000000000000000000000000000000000000000000
000000000000000000000000000000000000000000000000
000000000000000000000000000000000000000000000000
000000000000000000000000000000000000000000000000
000000000000000000000000000000000000000000000000
000000000000000000000000000000000000000000000000
000000000000000000000000000000000000000000000000
000000000000000000000000000000000000000000000000
000000000000000000000000000000000000000000000000
000000000000000000000000000000000000000000000000
000000000000000000000000000000000000000000000000
000000000000000000000000000000000000000000000000
000000000000000000000000000000000000000000000000
000000000000000000000000000000000000000000000000
000000000000000000000000000000000000000000000000
000000000000000000000000000000000000000000000000
000000000000000000000000000000000000000000000000
000000000000000000000000000000000000000000000000
000000000000000000000000000000000000000000000000
000000000000000000000000000000000000000000000000
000000000000000000000000000000000000000000000000
000000000000000000000000000000000000000000000000
000000000000000000000000000000000000000000000000
000000000000000000000000000000000000000000000000
000000000000000000000000000000000000000000000000
000000000000000000000000000000000000000000000000
000000000000000000000000000000000000000000000000
000000000000000000000000000000000000000000000000
000000000000000000000000000000000000000000000000
000000000000000000000000000000000000000000000000
000000000000000000000000000000000000000000000000
000000000000000000000000000000000000000000000000
000000000000000000000000000000000000000000000000
000000000000000000000000000000000000000000000000
000000000000000000000000000000000000000000000000
000000000000000000000000000000000000000000000000
000000000000000000000000000000000000000000000000
000000000000000000000000000000000000000000000000
000000000000000000000000000000000000000000000000
000000000000000000000000000000000000000000000000
000000000000000000000000000000000000000000000000
000000000000000000000000000000000000000000000000
000000000000000000000000000000000000000000000000
000000000000000000000000000000000000000000000000
000000000000000000000000000000000000000000000000
000000000000000000000000000000000000000000000000
000000000000000000000000000000000000000000000000
000000000000000000000000000000000000000000000000
000000000000000000000000000000000000000000000000
000000000000000000000000000000000000000000000000
000000000000000000000000000000000000000000000000
000000000000000000000000000000000000000000000000
000000000000000000000000000000000000000000000000
000000000000000000000000000000000000000000000000
000000000000000000000000000000000000000000000000
000000000000000000000000000000000000000000000000
000000000000000000000000000000000000000000000000
000000000000000000000000000000000000000000000000
000000000000000000000000000000000000000000000000
000000000000000000000000000000000000000000000000
000000000000000000000000000000000000000000000000
000000000000000000000000000000000000000000000000
000000000000000000000000000000000000000000000000
000000000000000000000000000000000000000000000000
000000000000000000000000000000000000000000000000
000000000000000000000000000000000000000000000000
000000000000000000000000000000000000000000000000
000000000000000000000000000000000000000000000000
000000000000000000000000000000000000000000000000
000000000000000000000000000000000000000000000000
000000000000000000000000000000000000000000000000
000000000000000000000000000000000000000000000000
000000000000000000000000000000000000000000000000
000000000000000000000000000000000000000000000000
000000000000000000000000000000000000000000000000
000000000000000000000000000000000000000000000000
000000000000000000000000000000000000000000000000
000000000000000000000000000000000000000000000000
000000000000000000000000000000000000000000000000
000000000000000000000000000000000000000000000000
000000000000000000000000000000000000000000000000
000000000000000000000000000000000000000000000000
000000000000000000000000000000000000000000000000
000000000000000000000000000000000000000000000000
000000000000000000000000000000000000000000000000
000000000000000000000000000000000000000000000000
000000000000000000000000000000000000000000000000
000000000000000000000000000000000000000000000000
000000000000000000000000000000000000000000000000
000000000000000000000000000000000000000000000000
000000000000000000000000000000000000000000000000
000000000000000000000000000000000000000000000000
000000000000000000000000000000000000000000000000
000000000000000000000000000000000000000000000000
000000000000000000000000000000000000000000000000
000000000000000000000000000000000000000000000000
000000000000000000000000000000000000000000000000
000000000000000000000000000000000000000000000000
000000000000000000000000000000000000000000000000
000000000000000000000000000000000000000000000000
000000000000000000000000000000000000000000000000
000000000000000000000000000000000000000000000000
000000000000000000000000000000000000000000000000
000000000000000000000000000000000000000000000000
000000000000000000000000000000000000000000000000
000000000000000000000000000000000000000000000000
000000000000000000000000000000000000000000000000
000000000000000000000000000000000000000000000000
000000000000000000000000000000000000000000000000
000000000000000000000000000000000000000000000000
000000000000000000000000000000000000000000000000
000000000000000000000000000000000000000000000000
000000000000000000000000000000000000000000000000
000000000000000000000000000000000000000000000000
000000000000000000000000000000000000000000000000
000000000000000000000000000000000000000000000000
000000000000000000000000000000000000000000000000
000000000000000000000000000000000000000000000000
000000000000000000000000000000000000000000000000
000000000000000000000000000000000000000000000000
000000000000000000000000000000000000000000000000
000000000000000000000000000000000000000000000000
000000000000000000000000000000000000000000000000
000000000000000000000000000000000000000000000000
000000000000000000000000000000000000000000000000
000000000000000000000000000000000000000000000000
000000000000000000000000000000000000000000000000
000000000000000000000000000000000000000000000000
000000000000000000000000000000000000000000000000
000000000000000000000000000000000000000000000000
000000000000000000000000000000000000000000000000
000000000000000000000000000000000000000000000000
000000000000000000000000000000000000000000000000
000000000000000000000000000000000000000000000000
000000000000000000000000000000000000000000000000
000000000000000000000000000000000000000000000000
000000000000000000000000000000000000000000000000
000000000000000000000000000000000000000000000000
000000000000000000000000000000000000000000000000
000000000000000000000000000000000000000000000000
000000000000000000000000000000000000000000000000
000000000000000000000000000000000000000000000000
000000000000000000000000000000000000000000000000
000000000000000000000000000000000000000000000000
000000000000000000000000000000000000000000000000
000000000000000000000000000000000000000000000000
000000000000000000000000000000000000000000000000
000000000000000000000000000000000000000000000000
000000000000000000000000000000000000000000000000
000000000000000000000000000000000000000000000000
000000000000000000000000000000000000000000000000
000000000000000000000000000000000000000000000000
000000000000000000000000000000000000000000000000
000000000000000000000000000000000000000000000000
000000000000000000000000000000000000000000000000
000000000000000000000000000000000000000000000000
000000000000000000000000000000000000000000000000
000000000000000000000000000000000000000000000000
000000000000000000000000000000000000000000000000
000000000000000000000000000000000000000000000000
000000000000000000000000000000000000000000000000
000000000000000000000000000000000000000000000000
At 2011-09-30 16:32:16 +0200 IP:127.0.0.1 sent this bot:
110000000001100100011110000000000000000111100010
111000000000000000111110000000000001011111000001
111000000000000000111010111111111000101110011100
110000000000000010111010111111111111101110010100
110000000000000001111000000000000000000000010100
110000000000000001011000000000000000000000010100
110000000000000000111000000000000000000000010100
110000000000000000011000000000000000000000010100
111000000000000000111010111111111100011001000010
111000000000000000111110000000000000011111000100
110111111111111111011010111111111100010001010100
110000000000000001111000000000000000000000010100
110000000000000001011000000000000000000000010100
110000000000000000111000000000000000000000010100
110000000000000000011000000000000000000000010100
110000000000000011011000000000000000000000010100
110000000000000010111000000000000000000000010100
110000000000000010011000000000000000000000010100
110000000000000001111000000000000000000000010100
110000000000000001011000000000000000000000010100
110000000000000000111000000000000000000000010100
110000000000000000011000000000000000000000010100
110111111111111111111000000000000000000000010100
110111111111111111011000000000000000000000010100
110111111111111110111000000000000000000000010100
111000000000000000111010000000000000001110010000
010000000000000000011010000000000000010010000010
At 2011-10-11 16:32:26 +0200 IP:127.0.0.1 sent this bot:
110000000000000000011000000000000000000000011100
110111111111111111111000000000000000000000010100
At 2011-10-11 16:32:26 +0200 IP:127.0.0.1 sent this bot:
000000000000000000000000000000000000000000000000
000000000000000000000000000000000000000000000000
000000000000000000000000000000000000000000000000
000000000000000000000000000000000000000000000000
000000000000000000000000000000000000000000000000
000000000000000000000000000000000000000000000000
000000000000000000000000000000000000000000000000
000000000000000000000000000000000000000000000000
000000000000000000000000000000000000000000000000
000000000000000000000000000000000000000000000000
000000000000000000000000000000000000000000000000
000000000000000000000000000000000000000000000000
000000000000000000000000000000000000000000000000
000000000000000000000000000000000000000000000000
000000000000000000000000000000000000000000000000
000000000000000000000000000000000000000000000000
000000000000000000000000000000000000000000000000
000000000000000000000000000000000000000000000000
000000000000000000000000000000000000000000000000
000000000000000000000000000000000000000000000000
000000000000000000000000000000000000000000000000
000000000000000000000000000000000000000000000000
000000000000000000000000000000000000000000000000
000000000000000000000000000000000000000000000000
000000000000000000000000000000000000000000000000
000000000000000000000000000000000000000000000000
000000000000000000000000000000000000000000000000
000000000000000000000000000000000000000000000000
000000000000000000000000000000000000000000000000
000000000000000000000000000000000000000000000000
000000000000000000000000000000000000000000000000
000000000000000000000000000000000000000000000000
000000000000000000000000000000000000000000000000
000000000000000000000000000000000000000000000000
000000000000000000000000000000000000000000000000
000000000000000000000000000000000000000000000000
000000000000000000000000000000000000000000000000
000000000000000000000000000000000000000000000000
000000000000000000000000000000000000000000000000
000000000000000000000000000000000000000000000000
000000000000000000000000000000000000000000000000
000000000000000000000000000000000000000000000000
000000000000000000000000000000000000000000000000
000000000000000000000000000000000000000000000000
000000000000000000000000000000000000000000000000
000000000000000000000000000000000000000000000000
000000000000000000000000000000000000000000000000
000000000000000000000000000000000000000000000000
000000000000000000000000000000000000000000000000
000000000000000000000000000000000000000000000000
000000000000000000000000000000000000000000000000
000000000000000000000000000000000000000000000000
000000000000000000000000000000000000000000000000
000000000000000000000000000000000000000000000000
000000000000000000000000000000000000000000000000
000000000000000000000000000000000000000000000000
000000000000000000000000000000000000000000000000
000000000000000000000000000000000000000000000000
000000000000000000000000000000000000000000000000
000000000000000000000000000000000000000000000000
000000000000000000000000000000000000000000000000
000000000000000000000000000000000000000000000000
000000000000000000000000000000000000000000000000
000000000000000000000000000000000000000000000000
000000000000000000000000000000000000000000000000
000000000000000000000000000000000000000000000000
000000000000000000000000000000000000000000000000
000000000000000000000000000000000000000000000000
000000000000000000000000000000000000000000000000
000000000000000000000000000000000000000000000000
000000000000000000000000000000000000000000000000
000000000000000000000000000000000000000000000000
000000000000000000000000000000000000000000000000
000000000000000000000000000000000000000000000000
000000000000000000000000000000000000000000000000
000000000000000000000000000000000000000000000000
000000000000000000000000000000000000000000000000
000000000000000000000000000000000000000000000000
000000000000000000000000000000000000000000000000
000000000000000000000000000000000000000000000000
000000000000000000000000000000000000000000000000
000000000000000000000000000000000000000000000000
000000000000000000000000000000000000000000000000
000000000000000000000000000000000000000000000000
000000000000000000000000000000000000000000000000
000000000000000000000000000000000000000000000000
000000000000000000000000000000000000000000000000
000000000000000000000000000000000000000000000000
000000000000000000000000000000000000000000000000
000000000000000000000000000000000000000000000000
000000000000000000000000000000000000000000000000
000000000000000000000000000000000000000000000000
000000000000000000000000000000000000000000000000
000000000000000000000000000000000000000000000000
000000000000000000000000000000000000000000000000
000000000000000000000000000000000000000000000000
000000000000000000000000000000000000000000000000
000000000000000000000000000000000000000000000000
000000000000000000000000000000000000000000000000
000000000000000000000000000000000000000000000000
000000000000000000000000000000000000000000000000
000000000000000000000000000000000000000000000000
000000000000000000000000000000000000000000000000
000000000000000000000000000000000000000000000000
000000000000000000000000000000000000000000000000
000000000000000000000000000000000000000000000000
000000000000000000000000000000000000000000000000
000000000000000000000000000000000000000000000000
000000000000000000000000000000000000000000000000
000000000000000000000000000000000000000000000000
000000000000000000000000000000000000000000000000
000000000000000000000000000000000000000000000000
000000000000000000000000000000000000000000000000
000000000000000000000000000000000000000000000000
000000000000000000000000000000000000000000000000
000000000000000000000000000000000000000000000000
000000000000000000000000000000000000000000000000
000000000000000000000000000000000000000000000000
000000000000000000000000000000000000000000000000
000000000000000000000000000000000000000000000000
000000000000000000000000000000000000000000000000
000000000000000000000000000000000000000000000000
000000000000000000000000000000000000000000000000
000000000000000000000000000000000000000000000000
000000000000000000000000000000000000000000000000
000000000000000000000000000000000000000000000000
000000000000000000000000000000000000000000000000
000000000000000000000000000000000000000000000000
000000000000000000000000000000000000000000000000
000000000000000000000000000000000000000000000000
000000000000000000000000000000000000000000000000
000000000000000000000000000000000000000000000000
000000000000000000000000000000000000000000000000
000000000000000000000000000000000000000000000000
000000000000000000000000000000000000000000000000
000000000000000000000000000000000000000000000000
000000000000000000000000000000000000000000000000
000000000000000000000000000000000000000000000000
000000000000000000000000000000000000000000000000
000000000000000000000000000000000000000000000000
000000000000000000000000000000000000000000000000
000000000000000000000000000000000000000000000000
000000000000000000000000000000000000000000000000
000000000000000000000000000000000000000000000000
000000000000000000000000000000000000000000000000
000000000000000000000000000000000000000000000000
000000000000000000000000000000000000000000000000
000000000000000000000000000000000000000000000000
000000000000000000000000000000000000000000000000
000000000000000000000000000000000000000000000000
000000000000000000000000000000000000000000000000
000000000000000000000000000000000000000000000000
000000000000000000000000000000000000000000000000
000000000000000000000000000000000000000000000000
000000000000000000000000000000000000000000000000
000000000000000000000000000000000000000000000000
000000000000000000000000000000000000000000000000
000000000000000000000000000000000000000000000000
000000000000000000000000000000000000000000000000
000000000000000000000000000000000000000000000000
000000000000000000000000000000000000000000000000
000000000000000000000000000000000000000000000000
000000000000000000000000000000000000000000000000
000000000000000000000000000000000000000000000000
000000000000000000000000000000000000000000000000
000000000000000000000000000000000000000000000000
000000000000000000000000000000000000000000000000
000000000000000000000000000000000000000000000000
000000000000000000000000000000000000000000000000
000000000000000000000000000000000000000000000000
000000000000000000000000000000000000000000000000
000000000000000000000000000000000000000000000000
000000000000000000000000000000000000000000000000
000000000000000000000000000000000000000000000000
000000000000000000000000000000000000000000000000
000000000000000000000000000000000000000000000000
000000000000000000000000000000000000000000000000
000000000000000000000000000000000000000000000000
000000000000000000000000000000000000000000000000
000000000000000000000000000000000000000000000000
000000000000000000000000000000000000000000000000
000000000000000000000000000000000000000000000000
000000000000000000000000000000000000000000000000
000000000000000000000000000000000000000000000000
000000000000000000000000000000000000000000000000
000000000000000000000000000000000000000000000000
000000000000000000000000000000000000000000000000
000000000000000000000000000000000000000000000000
000000000000000000000000000000000000000000000000
000000000000000000000000000000000000000000000000
000000000000000000000000000000000000000000000000
000000000000000000000000000000000000000000000000
000000000000000000000000000000000000000000000000
000000000000000000000000000000000000000000000000
000000000000000000000000000000000000000000000000
000000000000000000000000000000000000000000000000
000000000000000000000000000000000000000000000000
000000000000000000000000000000000000000000000000
000000000000000000000000000000000000000000000000
000000000000000000000000000000000000000000000000
000000000000000000000000000000000000000000000000
000000000000000000000000000000000000000000000000
000000000000000000000000000000000000000000000000
000000000000000000000000000000000000000000000000
000000000000000000000000000000000000000000000000
000000000000000000000000000000000000000000000000
000000000000000000000000000000000000000000000000
000000000000000000000000000000000000000000000000
000000000000000000000000000000000000000000000000
000000000000000000000000000000000000000000000000
000000000000000000000000000000000000000000000000
000000000000000000000000000000000000000000000000
000000000000000000000000000000000000000000000000
000000000000000000000000000000000000000000000000
000000000000000000000000000000000000000000000000
000000000000000000000000000000000000000000000000
000000000000000000000000000000000000000000000000
000000000000000000000000000000000000000000000000
000000000000000000000000000000000000000000000000
000000000000000000000000000000000000000000000000
000000000000000000000000000000000000000000000000
At 2011-10-11 16:32:26 +0200 IP:127.0.0.1 sent this bot:
110000000001100100011110000000000000000111100010
111000000000000000111110000000000001011111000001
111000000000000000111010111111111000101110011100
110000000000000010111010111111111111101110010100
110000000000000001111000000000000000000000010100
110000000000000001011000000000000000000000010100
110000000000000000111000000000000000000000010100
110000000000000000011000000000000000000000010100
111000000000000000111010111111111100011001000010
111000000000000000111110000000000000011111000100
110111111111111111011010111111111100010001010100
110000000000000001111000000000000000000000010100
110000000000000001011000000000000000000000010100
110000000000000000111000000000000000000000010100
110000000000000000011000000000000000000000010100
110000000000000011011000000000000000000000010100
110000000000000010111000000000000000000000010100
110000000000000010011000000000000000000000010100
110000000000000001111000000000000000000000010100
110000000000000001011000000000000000000000010100
110000000000000000111000000000000000000000010100
110000000000000000011000000000000000000000010100
110111111111111111111000000000000000000000010100
110111111111111111011000000000000000000000010100
110111111111111110111000000000000000000000010100
111000000000000000111010000000000000001110010000
010000000000000000011010000000000000010010000010
